
Version 1.0
--------------------------------------------
IsSisLab

Lines: 1 ./client/clientText.txt
Words: 1 ./client/clientText.txt
Characters: 9 ./client/clientText.txt
--------------------------------------------

Version 2.0
--------------------------------------------
IsSisLab
Uyg3

Lines: 2 ./client/clientText.txt
Words: 2 ./client/clientText.txt
Characters: 14 ./client/clientText.txt
--------------------------------------------

Version 3.0
--------------------------------------------
IsSisLab
Uyg3
Pinar Kizilarslan

Lines: 3 ./client/clientText.txt
Words: 4 ./client/clientText.txt
Characters: 32 ./client/clientText.txt
--------------------------------------------
